[0m17:57:50.826119 [debug] [MainThread]: Sending event: {'category': 'dbt', 'action': 'invocation', 'label': 'start', 'context': [<snowplow_tracker.self_describing_json.SelfDescribingJson object at 0x7fd625a9e080>, <snowplow_tracker.self_describing_json.SelfDescribingJson object at 0x7fd625de1a80>, <snowplow_tracker.self_describing_json.SelfDescribingJson object at 0x7fd625de1a20>]}


============================== 17:57:50.843561 | fec54926-96ad-49da-ad01-dc311d880e30 ==============================
[0m17:57:50.843561 [info ] [MainThread]: Running with dbt=1.8.6
[0m17:57:50.848141 [debug] [MainThread]: running dbt with arguments {'printer_width': '80', 'indirect_selection': 'eager', 'write_json': 'True', 'log_cache_events': 'False', 'partial_parse': 'True', 'cache_selected_only': 'False', 'profiles_dir': '../', 'version_check': 'True', 'warn_error': 'None', 'log_path': 'logs', 'fail_fast': 'False', 'debug': 'False', 'use_colors': 'True', 'use_experimental_parser': 'False', 'no_print': 'None', 'quiet': 'False', 'empty': 'None', 'log_format': 'default', 'introspect': 'True', 'static_parser': 'True', 'invocation_command': 'dbt init', 'target_path': 'None', 'warn_error_options': 'WarnErrorOptions(include=[], exclude=[])', 'send_anonymous_usage_stats': 'True'}
[0m17:58:43.381815 [debug] [MainThread]: Starter project path: /mnt/c/Users/BrunoBorges/desktop/dw-zer/dw-zero/.venv/lib/python3.10/site-packages/dbt/include/starter_project
[0m17:58:43.944197 [info ] [MainThread]: 
Your new dbt project "datawarehouse" was created!

For more information on how to configure the profiles.yml file,
please consult the dbt documentation here:

  https://docs.getdbt.com/docs/configure-your-profile

One more thing:

Need help? Don't hesitate to reach out to us via GitHub issues or on Slack:

  https://community.getdbt.com/

Happy modeling!

[0m17:58:43.945910 [info ] [MainThread]: Setting up your profile.
[0m18:00:38.649654 [info ] [MainThread]: Profile datawarehouse written to ../profiles.yml using target's profile_template.yml and your supplied values. Run 'dbt debug' to validate the connection.
[0m18:00:38.663565 [debug] [MainThread]: Resource report: {"command_name": "init", "command_success": true, "command_wall_clock_time": 167.9628, "process_user_time": 2.372002, "process_kernel_time": 0.834781, "process_mem_max_rss": "90104", "process_in_blocks": "11696", "process_out_blocks": "0"}
[0m18:00:38.666341 [debug] [MainThread]: Command `dbt init` succeeded at 18:00:38.666041 after 167.97 seconds
[0m18:00:38.668767 [debug] [MainThread]: Sending event: {'category': 'dbt', 'action': 'invocation', 'label': 'end', 'context': [<snowplow_tracker.self_describing_json.SelfDescribingJson object at 0x7fd625a9e080>, <snowplow_tracker.self_describing_json.SelfDescribingJson object at 0x7fd62462d8d0>, <snowplow_tracker.self_describing_json.SelfDescribingJson object at 0x7fd625de36a0>]}
[0m18:00:38.674169 [debug] [MainThread]: Flushing usage events
